<?xml version="1.0" encoding="UTF-8"?>
<testng-results skipped="0" failed="0" total="1" passed="1">
  <reporter-output>
    <line>
      <![CDATA[Email address:signuptest129@test.com<br/>]]>
    </line>
    <line>
      <![CDATA[Title:applications_loan_apply_title_ms<br/>]]>
    </line>
    <line>
      <![CDATA[First Name:fName129<br/>]]>
    </line>
    <line>
      <![CDATA[Last Name:lName129<br/>]]>
    </line>
    <line>
      <![CDATA[Phone Number:07532-728433<br/>]]>
    </line>
    <line>
      <![CDATA[Date of Birth - Day:17<br/>]]>
    </line>
    <line>
      <![CDATA[Date of Birth - Month:3<br/>]]>
    </line>
    <line>
      <![CDATA[Date of Birth - Year:1981<br/>]]>
    </line>
    <line>
      <![CDATA[Loan Reason - Option:applications_loan_apply_loan_purpose_house_deposit<br/>]]>
    </line>
    <line>
      <![CDATA[Postcode:EC2V 5AE<br/>]]>
    </line>
    <line>
      <![CDATA[Address History - Move In Month:August<br/>]]>
    </line>
    <line>
      <![CDATA[Address History - Move In Year:2003<br/>]]>
    </line>
    <line>
      <![CDATA[Employment Staus Option:applications_loan_apply_employment_status_unemployed<br/>]]>
    </line>
    <line>
      <![CDATA[Annual Salary:10424<br/>]]>
    </line>
    <line>
      <![CDATA[Data Residential Status Option:applications_loan_apply_residential_status_owner_with_mortgage<br/>]]>
    </line>
    <line>
      <![CDATA[Annual Salary:1800<br/>]]>
    </line>
    <line>
      <![CDATA[Password:Aa728433<br/>]]>
    </line>
  </reporter-output>
  <suite name="Default suite" duration-ms="46978" started-at="2018-05-15T06:33:28Z" finished-at="2018-05-15T06:34:15Z">
    <groups>
    </groups>
    <test name="Default test" duration-ms="46978" started-at="2018-05-15T06:33:28Z" finished-at="2018-05-15T06:34:15Z">
      <class name="com.zopa.qa.testcases.EndToEndTests">
        <test-method status="PASS" signature="setUp()[pri:0, instance:com.zopa.qa.testcases.EndToEndTests@b8fad4b]" name="setUp" is-config="true" duration-ms="10118" started-at="2018-05-15T01:33:28Z" finished-at="2018-05-15T01:33:38Z">
          <reporter-output>
          </reporter-output>
        </test-method> <!-- setUp -->
        <test-method status="PASS" signature="loanQuoteTest()[pri:0, instance:com.zopa.qa.testcases.EndToEndTests@b8fad4b]" name="loanQuoteTest" duration-ms="35768" started-at="2018-05-15T01:33:38Z" finished-at="2018-05-15T01:34:14Z">
          <reporter-output>
            <line>
              <![CDATA[Email address:signuptest129@test.com<br/>]]>
            </line>
            <line>
              <![CDATA[Title:applications_loan_apply_title_ms<br/>]]>
            </line>
            <line>
              <![CDATA[First Name:fName129<br/>]]>
            </line>
            <line>
              <![CDATA[Last Name:lName129<br/>]]>
            </line>
            <line>
              <![CDATA[Phone Number:07532-728433<br/>]]>
            </line>
            <line>
              <![CDATA[Date of Birth - Day:17<br/>]]>
            </line>
            <line>
              <![CDATA[Date of Birth - Month:3<br/>]]>
            </line>
            <line>
              <![CDATA[Date of Birth - Year:1981<br/>]]>
            </line>
            <line>
              <![CDATA[Loan Reason - Option:applications_loan_apply_loan_purpose_house_deposit<br/>]]>
            </line>
            <line>
              <![CDATA[Postcode:EC2V 5AE<br/>]]>
            </line>
            <line>
              <![CDATA[Address History - Move In Month:August<br/>]]>
            </line>
            <line>
              <![CDATA[Address History - Move In Year:2003<br/>]]>
            </line>
            <line>
              <![CDATA[Employment Staus Option:applications_loan_apply_employment_status_unemployed<br/>]]>
            </line>
            <line>
              <![CDATA[Annual Salary:10424<br/>]]>
            </line>
            <line>
              <![CDATA[Data Residential Status Option:applications_loan_apply_residential_status_owner_with_mortgage<br/>]]>
            </line>
            <line>
              <![CDATA[Annual Salary:1800<br/>]]>
            </line>
            <line>
              <![CDATA[Password:Aa728433<br/>]]>
            </line>
          </reporter-output>
        </test-method> <!-- loanQuoteTest -->
        <test-method status="PASS" signature="tearDown()[pri:0, instance:com.zopa.qa.testcases.EndToEndTests@b8fad4b]" name="tearDown" is-config="true" duration-ms="1080" started-at="2018-05-15T01:34:14Z" finished-at="2018-05-15T01:34:15Z">
          <reporter-output>
          </reporter-output>
        </test-method> <!-- tearDown -->
      </class> <!-- com.zopa.qa.testcases.EndToEndTests -->
    </test> <!-- Default test -->
  </suite> <!-- Default suite -->
</testng-results>
